[2020-12-29 18:35:34,041] INFO Reading configuration from: ..\..\config\zookeeper.properties (org.apache.zookeeper.server.quorum.QuorumPeerConfig)
[2020-12-29 18:35:34,049] WARN ..\..\config\zookeeper.properties is relative. Prepend .\ to indicate that you're sure! (org.apache.zookeeper.server.quorum.QuorumPeerConfig)
[2020-12-29 18:35:34,062] WARN \tmp\zookeeper is relative. Prepend .\ to indicate that you're sure! (org.apache.zookeeper.server.quorum.QuorumPeerConfig)
[2020-12-29 18:35:34,083] INFO clientPortAddress is 0.0.0.0:2181 (org.apache.zookeeper.server.quorum.QuorumPeerConfig)
[2020-12-29 18:35:34,084] INFO secureClientPort is not set (org.apache.zookeeper.server.quorum.QuorumPeerConfig)
[2020-12-29 18:35:34,088] INFO autopurge.snapRetainCount set to 3 (org.apache.zookeeper.server.DatadirCleanupManager)
[2020-12-29 18:35:34,088] INFO autopurge.purgeInterval set to 0 (org.apache.zookeeper.server.DatadirCleanupManager)
[2020-12-29 18:35:34,089] INFO Purge task is not scheduled. (org.apache.zookeeper.server.DatadirCleanupManager)
[2020-12-29 18:35:34,089] WARN Either no config or no quorum defined in config, running  in standalone mode (org.apache.zookeeper.server.quorum.QuorumPeerMain)
[2020-12-29 18:35:34,091] INFO Log4j found with jmx enabled. (org.apache.zookeeper.jmx.ManagedUtil)
[2020-12-29 18:35:34,154] INFO Reading configuration from: ..\..\config\zookeeper.properties (org.apache.zookeeper.server.quorum.QuorumPeerConfig)
[2020-12-29 18:35:34,154] WARN ..\..\config\zookeeper.properties is relative. Prepend .\ to indicate that you're sure! (org.apache.zookeeper.server.quorum.QuorumPeerConfig)
[2020-12-29 18:35:34,155] WARN \tmp\zookeeper is relative. Prepend .\ to indicate that you're sure! (org.apache.zookeeper.server.quorum.QuorumPeerConfig)
[2020-12-29 18:35:34,156] INFO clientPortAddress is 0.0.0.0:2181 (org.apache.zookeeper.server.quorum.QuorumPeerConfig)
[2020-12-29 18:35:34,156] INFO secureClientPort is not set (org.apache.zookeeper.server.quorum.QuorumPeerConfig)
[2020-12-29 18:35:34,156] INFO Starting server (org.apache.zookeeper.server.ZooKeeperServerMain)
[2020-12-29 18:35:34,163] INFO zookeeper.snapshot.trust.empty : false (org.apache.zookeeper.server.persistence.FileTxnSnapLog)
[2020-12-29 18:35:34,182] INFO Server environment:zookeeper.version=3.5.7-f0fdd52973d373ffd9c86b81d99842dc2c7f660e, built on 02/10/2020 11:30 GMT (org.apache.zookeeper.server.ZooKeeperServer)
[2020-12-29 18:35:34,182] INFO Server environment:host.name=windows10.microdone.cn (org.apache.zookeeper.server.ZooKeeperServer)
[2020-12-29 18:35:34,183] INFO Server environment:java.version=1.8.0_40 (org.apache.zookeeper.server.ZooKeeperServer)
[2020-12-29 18:35:34,183] INFO Server environment:java.vendor=Oracle Corporation (org.apache.zookeeper.server.ZooKeeperServer)
[2020-12-29 18:35:34,184] INFO Server environment:java.home=D:\java_jdk\JDK8\jre (org.apache.zookeeper.server.ZooKeeperServer)
[2020-12-29 18:35:34,184] INFO Server environment:java.class.path=.;D:\java_jdk\JDK8\lib\dt.jar;D:\java_jdk\JDK8\lib\tools.jar;;D:\kafka\kafka\libs\activation-1.1.1.jar;D:\kafka\kafka\libs\aopalliance-repackaged-2.5.0.jar;D:\kafka\kafka\libs\argparse4j-0.7.0.jar;D:\kafka\kafka\libs\audience-annotations-0.5.0.jar;D:\kafka\kafka\libs\commons-cli-1.4.jar;D:\kafka\kafka\libs\commons-lang3-3.8.1.jar;D:\kafka\kafka\libs\connect-api-2.4.1.jar;D:\kafka\kafka\libs\connect-basic-auth-extension-2.4.1.jar;D:\kafka\kafka\libs\connect-file-2.4.1.jar;D:\kafka\kafka\libs\connect-json-2.4.1.jar;D:\kafka\kafka\libs\connect-mirror-2.4.1.jar;D:\kafka\kafka\libs\connect-mirror-client-2.4.1.jar;D:\kafka\kafka\libs\connect-runtime-2.4.1.jar;D:\kafka\kafka\libs\connect-transforms-2.4.1.jar;D:\kafka\kafka\libs\guava-20.0.jar;D:\kafka\kafka\libs\hk2-api-2.5.0.jar;D:\kafka\kafka\libs\hk2-locator-2.5.0.jar;D:\kafka\kafka\libs\hk2-utils-2.5.0.jar;D:\kafka\kafka\libs\jackson-annotations-2.10.0.jar;D:\kafka\kafka\libs\jackson-core-2.10.0.jar;D:\kafka\kafka\libs\jackson-databind-2.10.0.jar;D:\kafka\kafka\libs\jackson-dataformat-csv-2.10.0.jar;D:\kafka\kafka\libs\jackson-datatype-jdk8-2.10.0.jar;D:\kafka\kafka\libs\jackson-jaxrs-base-2.10.0.jar;D:\kafka\kafka\libs\jackson-jaxrs-json-provider-2.10.0.jar;D:\kafka\kafka\libs\jackson-module-jaxb-annotations-2.10.0.jar;D:\kafka\kafka\libs\jackson-module-paranamer-2.10.0.jar;D:\kafka\kafka\libs\jackson-module-scala_2.11-2.10.0.jar;D:\kafka\kafka\libs\jakarta.activation-api-1.2.1.jar;D:\kafka\kafka\libs\jakarta.annotation-api-1.3.4.jar;D:\kafka\kafka\libs\jakarta.inject-2.5.0.jar;D:\kafka\kafka\libs\jakarta.ws.rs-api-2.1.5.jar;D:\kafka\kafka\libs\jakarta.xml.bind-api-2.3.2.jar;D:\kafka\kafka\libs\javassist-3.22.0-CR2.jar;D:\kafka\kafka\libs\javax.servlet-api-3.1.0.jar;D:\kafka\kafka\libs\javax.ws.rs-api-2.1.1.jar;D:\kafka\kafka\libs\jaxb-api-2.3.0.jar;D:\kafka\kafka\libs\jersey-client-2.28.jar;D:\kafka\kafka\libs\jersey-common-2.28.jar;D:\kafka\kafka\libs\jersey-container-servlet-2.28.jar;D:\kafka\kafka\libs\jersey-container-servlet-core-2.28.jar;D:\kafka\kafka\libs\jersey-hk2-2.28.jar;D:\kafka\kafka\libs\jersey-media-jaxb-2.28.jar;D:\kafka\kafka\libs\jersey-server-2.28.jar;D:\kafka\kafka\libs\jetty-client-9.4.20.v20190813.jar;D:\kafka\kafka\libs\jetty-continuation-9.4.20.v20190813.jar;D:\kafka\kafka\libs\jetty-http-9.4.20.v20190813.jar;D:\kafka\kafka\libs\jetty-io-9.4.20.v20190813.jar;D:\kafka\kafka\libs\jetty-security-9.4.20.v20190813.jar;D:\kafka\kafka\libs\jetty-server-9.4.20.v20190813.jar;D:\kafka\kafka\libs\jetty-servlet-9.4.20.v20190813.jar;D:\kafka\kafka\libs\jetty-servlets-9.4.20.v20190813.jar;D:\kafka\kafka\libs\jetty-util-9.4.20.v20190813.jar;D:\kafka\kafka\libs\jopt-simple-5.0.4.jar;D:\kafka\kafka\libs\kafka-clients-2.4.1.jar;D:\kafka\kafka\libs\kafka-log4j-appender-2.4.1.jar;D:\kafka\kafka\libs\kafka-streams-2.4.1.jar;D:\kafka\kafka\libs\kafka-streams-examples-2.4.1.jar;D:\kafka\kafka\libs\kafka-streams-scala_2.11-2.4.1.jar;D:\kafka\kafka\libs\kafka-streams-test-utils-2.4.1.jar;D:\kafka\kafka\libs\kafka-tools-2.4.1.jar;D:\kafka\kafka\libs\kafka_2.11-2.4.1-javadoc.jar;D:\kafka\kafka\libs\kafka_2.11-2.4.1-javadoc.jar.asc;D:\kafka\kafka\libs\kafka_2.11-2.4.1-scaladoc.jar;D:\kafka\kafka\libs\kafka_2.11-2.4.1-scaladoc.jar.asc;D:\kafka\kafka\libs\kafka_2.11-2.4.1-sources.jar;D:\kafka\kafka\libs\kafka_2.11-2.4.1-sources.jar.asc;D:\kafka\kafka\libs\kafka_2.11-2.4.1-test-sources.jar;D:\kafka\kafka\libs\kafka_2.11-2.4.1-test-sources.jar.asc;D:\kafka\kafka\libs\kafka_2.11-2.4.1-test.jar;D:\kafka\kafka\libs\kafka_2.11-2.4.1-test.jar.asc;D:\kafka\kafka\libs\kafka_2.11-2.4.1.jar;D:\kafka\kafka\libs\kafka_2.11-2.4.1.jar.asc;D:\kafka\kafka\libs\log4j-1.2.17.jar;D:\kafka\kafka\libs\lz4-java-1.6.0.jar;D:\kafka\kafka\libs\maven-artifact-3.6.1.jar;D:\kafka\kafka\libs\metrics-core-2.2.0.jar;D:\kafka\kafka\libs\netty-buffer-4.1.45.Final.jar;D:\kafka\kafka\libs\netty-codec-4.1.45.Final.jar;D:\kafka\kafka\libs\netty-common-4.1.45.Final.jar;D:\kafka\kafka\libs\netty-handler-4.1.45.Final.jar;D:\kafka\kafka\libs\netty-resolver-4.1.45.Final.jar;D:\kafka\kafka\libs\netty-transport-4.1.45.Final.jar;D:\kafka\kafka\libs\netty-transport-native-epoll-4.1.45.Final.jar;D:\kafka\kafka\libs\netty-transport-native-unix-common-4.1.45.Final.jar;D:\kafka\kafka\libs\osgi-resource-locator-1.0.1.jar;D:\kafka\kafka\libs\paranamer-2.8.jar;D:\kafka\kafka\libs\plexus-utils-3.2.0.jar;D:\kafka\kafka\libs\reflections-0.9.11.jar;D:\kafka\kafka\libs\rocksdbjni-5.18.3.jar;D:\kafka\kafka\libs\scala-collection-compat_2.11-2.1.2.jar;D:\kafka\kafka\libs\scala-java8-compat_2.11-0.9.0.jar;D:\kafka\kafka\libs\scala-library-2.11.12.jar;D:\kafka\kafka\libs\scala-logging_2.11-3.9.2.jar;D:\kafka\kafka\libs\scala-reflect-2.11.12.jar;D:\kafka\kafka\libs\slf4j-api-1.7.28.jar;D:\kafka\kafka\libs\slf4j-log4j12-1.7.28.jar;D:\kafka\kafka\libs\snappy-java-1.1.7.3.jar;D:\kafka\kafka\libs\validation-api-2.0.1.Final.jar;D:\kafka\kafka\libs\zookeeper-3.5.7.jar;D:\kafka\kafka\libs\zookeeper-jute-3.5.7.jar;D:\kafka\kafka\libs\zstd-jni-1.4.3-1.jar (org.apache.zookeeper.server.ZooKeeperServer)
[2020-12-29 18:35:34,188] INFO Server environment:java.library.path=D:\java_jdk\JDK8\bin;C:\WINDOWS\Sun\Java\bin;C:\WINDOWS\system32;C:\WINDOWS;D:\Python\python\Scripts\;D:\Python\python\;C:\Program Files\Python39\Scripts\;C:\Program Files\Python39\;c:\program files (x86)\intel\icls client\;c:\program files\intel\icls client\;c:\windows\system32;c:\windows;c:\windows\system32\wbem;c:\windows\system32\windowspowershell\v1.0\;c:\program files (x86)\intel\intel(r) management engine components\dal;c:\program files\intel\intel(r) management engine components\dal;c:\program files (x86)\intel\intel(r) management engine components\ipt;c:\program files\intel\intel(r) management engine components\ipt;c:\program files\intel\wifi\bin\;c:\program files\common files\intel\wirelesscommon\;C:\Program Files (x86)\GtkSharp\2.12\bin;C:\Program Files\AdoptOpenJDK\jdk-11.0.8.10-hotspot\\bin;C:\Program Files\AdoptOpenJDK\jdk-11.0.8.10-hotspot\\jre\bin;C:\WINDOWS\system32;C:\WINDOWS;C:\WINDOWS\System32\Wbem;C:\WINDOWS\System32\WindowsPowerShell\v1.0\;C:\WINDOWS\System32\OpenSSH\;D:\罗兰\研究生\2st\Data models and databases\putty\;D:\v;sual studio code\;C:\Program Files (x86)\NVIDIA Corporation\PhysX\Common;D:\Git\Git\cmd;D:\Git\Git LFS;D:\Node\;C:\Program Files\NVIDIA Corporation\NVIDIA NvDLISR;C:\Program Files\dotnet\;C:\WINDOWS\system32;C:\WINDOWS;C:\WINDOWS\System32\Wbem;C:\WINDOWS\System32\WindowsPowerShell\v1.0\;C:\WINDOWS\System32\OpenSSH\;D:\java_jdk\JDK8\bin;D:\java_jdk\JDK8\jre\bin;C:\Users\ zengling\AppData\Roaming\npm;C:\Users\ zengling\AppData\Local\Microsoft\WindowsApps;C:\Program Files\Intel\WiFi\bin\;C:\Program Files\Common Files\Intel\WirelessCommon\;C:\Users\ zengling\AppData\Local\GitHubDesktop\bin;C:\Users\ zengling\AppData\Local\Microsoft\WindowsApps;D:\BandiZip\;D:\visual studio code\Microsoft VS Code\bin;C:\Program Files\nodejs\node_cache\;C:\Users\zengling\AppData\Roaming\npm;D:\Python\pycharm\PyCharm 2020.2.1\bin;;C:\Users\ zengling\.dotnet\tools;C:\Program Files\MySQL\MySQL Server 5.5\bin;;. (org.apache.zookeeper.server.ZooKeeperServer)
[2020-12-29 18:35:34,189] INFO Server environment:java.io.tmpdir=C:\Users\ZENGLI~1\AppData\Local\Temp\ (org.apache.zookeeper.server.ZooKeeperServer)
[2020-12-29 18:35:34,190] INFO Server environment:java.compiler=<NA> (org.apache.zookeeper.server.ZooKeeperServer)
[2020-12-29 18:35:34,192] INFO Server environment:os.name=Windows 8.1 (org.apache.zookeeper.server.ZooKeeperServer)
[2020-12-29 18:35:34,193] INFO Server environment:os.arch=amd64 (org.apache.zookeeper.server.ZooKeeperServer)
[2020-12-29 18:35:34,193] INFO Server environment:os.version=6.3 (org.apache.zookeeper.server.ZooKeeperServer)
[2020-12-29 18:35:34,194] INFO Server environment:user.name= zengling (org.apache.zookeeper.server.ZooKeeperServer)
[2020-12-29 18:35:34,195] INFO Server environment:user.home=C:\Users\ zengling (org.apache.zookeeper.server.ZooKeeperServer)
[2020-12-29 18:35:34,196] INFO Server environment:user.dir=D:\kafka\kafka\bin\windows (org.apache.zookeeper.server.ZooKeeperServer)
[2020-12-29 18:35:34,197] INFO Server environment:os.memory.free=497MB (org.apache.zookeeper.server.ZooKeeperServer)
[2020-12-29 18:35:34,198] INFO Server environment:os.memory.max=512MB (org.apache.zookeeper.server.ZooKeeperServer)
[2020-12-29 18:35:34,198] INFO Server environment:os.memory.total=512MB (org.apache.zookeeper.server.ZooKeeperServer)
[2020-12-29 18:35:34,201] INFO minSessionTimeout set to 6000 (org.apache.zookeeper.server.ZooKeeperServer)
[2020-12-29 18:35:34,207] INFO maxSessionTimeout set to 60000 (org.apache.zookeeper.server.ZooKeeperServer)
[2020-12-29 18:35:34,208] INFO Created server with tickTime 3000 minSessionTimeout 6000 maxSessionTimeout 60000 datadir \tmp\zookeeper\version-2 snapdir \tmp\zookeeper\version-2 (org.apache.zookeeper.server.ZooKeeperServer)
[2020-12-29 18:35:34,276] INFO Using org.apache.zookeeper.server.NIOServerCnxnFactory as server connection factory (org.apache.zookeeper.server.ServerCnxnFactory)
[2020-12-29 18:35:34,285] INFO Configuring NIO connection handler with 10s sessionless connection timeout, 1 selector thread(s), 8 worker threads, and 64 kB direct buffers. (org.apache.zookeeper.server.NIOServerCnxnFactory)
[2020-12-29 18:35:34,289] INFO binding to port 0.0.0.0/0.0.0.0:2181 (org.apache.zookeeper.server.NIOServerCnxnFactory)
[2020-12-29 18:35:34,305] INFO zookeeper.snapshotSizeFactor = 0.33 (org.apache.zookeeper.server.ZKDatabase)
[2020-12-29 18:35:34,337] INFO Reading snapshot \tmp\zookeeper\version-2\snapshot.9d (org.apache.zookeeper.server.persistence.FileSnap)
[2020-12-29 18:35:34,443] INFO Snapshotting: 0xb0 to \tmp\zookeeper\version-2\snapshot.b0 (org.apache.zookeeper.server.persistence.FileTxnSnapLog)
[2020-12-29 18:35:34,503] INFO Using checkIntervalMs=60000 maxPerMinute=10000 (org.apache.zookeeper.server.ContainerManager)
[2020-12-29 18:35:42,416] INFO Expiring session 0x1000044ad700000, timeout of 6000ms exceeded (org.apache.zookeeper.server.ZooKeeperServer)
[2020-12-29 18:35:42,417] INFO Creating new log file: log.b1 (org.apache.zookeeper.server.persistence.FileTxnLog)
